Using pre-set license
Built from '2020.3/staging' branch; Version is '2020.3.4f1 (0abb6314276a) revision 703331'; Using compiler version '192528614'; Build Type 'Release'
OS: 'Windows 10 Enterprise; OS build 22621.450; Version 2009; 64bit' Language: 'en' Physical Memory: 14283 MB
BatchMode: 1, IsHumanControllingUs: 0, StartBugReporterOnCrash: 0, Is64bit: 1, IsPro: 0

 COMMAND LINE ARGUMENTS:
C:\Program Files\Unity\Hub\Editor\2020.3.4f1\Editor\Unity.exe
-adb2
-batchMode
-noUpm
-name
AssetImportWorker0
-projectPath
D:/Test/Joy-Way-Rework
-logFile
Logs/AssetImportWorker0.log
-srvPort
60749
Successfully changed project path to: D:/Test/Joy-Way-Rework
D:/Test/Joy-Way-Rework
Using Asset Import Pipeline V2.
Refreshing native plugins compatible for Editor in 54.98 ms, found 0 plugins.
Preloading 0 native plugins for Editor in 0.00 ms.
Initialize engine version: 2020.3.4f1 (0abb6314276a)
[Subsystems] Discovering subsystems at path C:/Program Files/Unity/Hub/Editor/2020.3.4f1/Editor/Data/Resources/UnitySubsystems
[Subsystems] Discovering subsystems at path D:/Test/Joy-Way-Rework/Assets
GfxDevice: creating device client; threaded=0
Direct3D:
    Version:  Direct3D 11.0 [level 11.1]
    Renderer: AMD Radeon(TM) Vega 11 Graphics (ID=0x15d8)
    Vendor:   
    VRAM:     7141 MB
    Driver:   31.0.12019.1006
Initialize mono
Mono path[0] = 'C:/Program Files/Unity/Hub/Editor/2020.3.4f1/Editor/Data/Managed'
Mono path[1] = 'C:/Program Files/Unity/Hub/Editor/2020.3.4f1/Editor/Data/MonoBleedingEdge/lib/mono/unityjit'
Mono config path = 'C:/Program Files/Unity/Hub/Editor/2020.3.4f1/Editor/Data/MonoBleedingEdge/etc'
Using monoOptions --debugger-agent=transport=dt_socket,embedding=1,server=y,suspend=n,address=127.0.0.1:56376
Begin MonoManager ReloadAssembly
Registering precompiled unity dll's ...
Register platform support module: C:/Program Files/Unity/Hub/Editor/2020.3.4f1/Editor/Data/PlaybackEngines/WindowsStandaloneSupport/UnityEditor.WindowsStandalone.Extensions.dll
Registered in 0.001856 seconds.
Native extension for WindowsStandalone target not found
Refreshing native plugins compatible for Editor in 47.67 ms, found 0 plugins.
Preloading 0 native plugins for Editor in 0.00 ms.
Mono: successfully reloaded assembly
- Completed reload, in  3.760 seconds
Platform modules already initialized, skipping
Registering precompiled user dll's ...
Registered in 0.005102 seconds.
Begin MonoManager ReloadAssembly
Native extension for WindowsStandalone target not found
Refreshing native plugins compatible for Editor in 0.39 ms, found 0 plugins.
Preloading 0 native plugins for Editor in 0.00 ms.
Mono: successfully reloaded assembly
- Completed reload, in  1.643 seconds
Platform modules already initialized, skipping
========================================================================
Worker process is ready to serve import requests
Launched and connected shader compiler UnityShaderCompiler.exe after 0.11 seconds
Refreshing native plugins compatible for Editor in 0.40 ms, found 0 plugins.
Preloading 0 native plugins for Editor in 0.00 ms.
Unloading 1748 Unused Serialized files (Serialized files now loaded: 0)
System memory in use before: 75.0 MB.
System memory in use after: 75.0 MB.

Unloading 27 unused Assets to reduce memory usage. Loaded Objects now: 2235.
Total: 20.836700 ms (FindLiveObjects: 0.197600 ms CreateObjectMapping: 0.051600 ms MarkObjects: 20.478400 ms  DeleteObjects: 0.106800 ms)

========================================================================
Received Import Request.
  path: Assets/Scripts/Weapon/BaseWeapon.cs
  artifactKey: Guid(aff37f2aeeeb163409396fb4e40f9ba8) Importer(815301076,1909f56bfc062723c751e8b465ee728b)
Start importing Assets/Scripts/Weapon/BaseWeapon.cs using Guid(aff37f2aeeeb163409396fb4e40f9ba8) Importer(815301076,1909f56bfc062723c751e8b465ee728b)  -> (artifact id: 'c9713848fde6d82f1cce0d7f25df7a82') in 0.028371 seconds
  Import took 0.030913 seconds .

========================================================================
Received Import Request.
  Time since last request: 4755.790165 seconds.
  path: Assets/Scripts/Character/Component/BaseHand.cs
  artifactKey: Guid(f99463ffd77b7d94a8a194493c650dbf) Importer(815301076,1909f56bfc062723c751e8b465ee728b)
Start importing Assets/Scripts/Character/Component/BaseHand.cs using Guid(f99463ffd77b7d94a8a194493c650dbf) Importer(815301076,1909f56bfc062723c751e8b465ee728b)  -> (artifact id: '8ae6bb7105af434b6b5910646de7de6c') in 0.002050 seconds
  Import took 0.005290 seconds .

========================================================================
Received Import Request.
  Time since last request: 0.024230 seconds.
  path: Assets/Scripts/Character/Component/BaseHand.cs
  artifactKey: Guid(f99463ffd77b7d94a8a194493c650dbf) Importer(815301076,1909f56bfc062723c751e8b465ee728b)
Start importing Assets/Scripts/Character/Component/BaseHand.cs using Guid(f99463ffd77b7d94a8a194493c650dbf) Importer(815301076,1909f56bfc062723c751e8b465ee728b)  -> (artifact id: '8ae6bb7105af434b6b5910646de7de6c') in 0.001810 seconds
  Import took 0.005195 seconds .

========================================================================
Received Import Request.
  Time since last request: 24.690394 seconds.
  path: Assets/Scripts/Core/Abstract/Item
  artifactKey: Guid(fc993b086bd4e6d4f95cc976a372244e) Importer(815301076,1909f56bfc062723c751e8b465ee728b)
Start importing Assets/Scripts/Core/Abstract/Item using Guid(fc993b086bd4e6d4f95cc976a372244e) Importer(815301076,1909f56bfc062723c751e8b465ee728b)  -> (artifact id: 'cfcb567c62ac8e53488924c02f4dc398') in 0.021259 seconds
  Import took 0.025645 seconds .

========================================================================
Received Import Request.
  Time since last request: 49.056619 seconds.
  path: Assets/Scripts/Core/Abstract/Item/CarryableItem.cs
  artifactKey: Guid(d363700cf359b3944b22f7d0a24c7098) Importer(815301076,1909f56bfc062723c751e8b465ee728b)
Start importing Assets/Scripts/Core/Abstract/Item/CarryableItem.cs using Guid(d363700cf359b3944b22f7d0a24c7098) Importer(815301076,1909f56bfc062723c751e8b465ee728b)  -> (artifact id: '5b64959d39bf5bac40c1822ddf878e64') in 0.002275 seconds
  Import took 0.005736 seconds .

========================================================================
Received Import Request.
  Time since last request: 7.892228 seconds.
  path: Assets/Scripts/Core/Abstract/Item/CarryableItem.cs
  artifactKey: Guid(d363700cf359b3944b22f7d0a24c7098) Importer(815301076,1909f56bfc062723c751e8b465ee728b)
Start importing Assets/Scripts/Core/Abstract/Item/CarryableItem.cs using Guid(d363700cf359b3944b22f7d0a24c7098) Importer(815301076,1909f56bfc062723c751e8b465ee728b)  -> (artifact id: '2290ab67cfd2855ac9dbac373b97868f') in 0.001630 seconds
  Import took 0.004492 seconds .

========================================================================
Received Import Request.
  Time since last request: 3.298607 seconds.
  path: Assets/Scripts/Core/Abstract/Item/CarryableItem.cs
  artifactKey: Guid(d363700cf359b3944b22f7d0a24c7098) Importer(815301076,1909f56bfc062723c751e8b465ee728b)
Start importing Assets/Scripts/Core/Abstract/Item/CarryableItem.cs using Guid(d363700cf359b3944b22f7d0a24c7098) Importer(815301076,1909f56bfc062723c751e8b465ee728b)  -> (artifact id: 'a5c3e057fc575ac896d975ff002a6d8a') in 0.002033 seconds
  Import took 0.005480 seconds .

========================================================================
Received Import Request.
  Time since last request: 13.289335 seconds.
  path: Assets/Scripts/Core/Abstract/Item/CarryableItem.cs
  artifactKey: Guid(d363700cf359b3944b22f7d0a24c7098) Importer(815301076,1909f56bfc062723c751e8b465ee728b)
Start importing Assets/Scripts/Core/Abstract/Item/CarryableItem.cs using Guid(d363700cf359b3944b22f7d0a24c7098) Importer(815301076,1909f56bfc062723c751e8b465ee728b)  -> (artifact id: '2eb4623c8323ad3426abd62149e35227') in 0.001409 seconds
  Import took 0.004648 seconds .

========================================================================
Received Import Request.
  Time since last request: 1.007553 seconds.
  path: Assets/Scripts/Core/Abstract/Item/CarryableItem.cs
  artifactKey: Guid(d363700cf359b3944b22f7d0a24c7098) Importer(815301076,1909f56bfc062723c751e8b465ee728b)
Start importing Assets/Scripts/Core/Abstract/Item/CarryableItem.cs using Guid(d363700cf359b3944b22f7d0a24c7098) Importer(815301076,1909f56bfc062723c751e8b465ee728b)  -> (artifact id: 'ed10bee321bf50f2dec9517d33ba8f34') in 0.001344 seconds
  Import took 0.004315 seconds .

========================================================================
Received Import Request.
  Time since last request: 1.689614 seconds.
  path: Assets/Scripts/Core/Abstract/Item/CarryableItem.cs
  artifactKey: Guid(d363700cf359b3944b22f7d0a24c7098) Importer(815301076,1909f56bfc062723c751e8b465ee728b)
Start importing Assets/Scripts/Core/Abstract/Item/CarryableItem.cs using Guid(d363700cf359b3944b22f7d0a24c7098) Importer(815301076,1909f56bfc062723c751e8b465ee728b)  -> (artifact id: 'b805a1e36fcefe0f7711d313b9cf062c') in 0.001523 seconds
  Import took 0.004903 seconds .

========================================================================
Received Prepare
Registering precompiled user dll's ...
Registered in 0.004822 seconds.
Begin MonoManager ReloadAssembly
Native extension for WindowsStandalone target not found
Refreshing native plugins compatible for Editor in 0.48 ms, found 0 plugins.
Preloading 0 native plugins for Editor in 0.00 ms.
Mono: successfully reloaded assembly
- Completed reload, in  1.478 seconds
Platform modules already initialized, skipping
Refreshing native plugins compatible for Editor in 0.41 ms, found 0 plugins.
Preloading 0 native plugins for Editor in 0.00 ms.
Unloading 1739 Unused Serialized files (Serialized files now loaded: 0)
System memory in use before: 74.6 MB.
System memory in use after: 74.7 MB.

Unloading 23 unused Assets to reduce memory usage. Loaded Objects now: 2238.
Total: 20.469400 ms (FindLiveObjects: 0.193400 ms CreateObjectMapping: 0.044000 ms MarkObjects: 20.135100 ms  DeleteObjects: 0.095100 ms)

========================================================================
Received Prepare
Registering precompiled user dll's ...
Registered in 0.006220 seconds.
Begin MonoManager ReloadAssembly
Native extension for WindowsStandalone target not found
Refreshing native plugins compatible for Editor in 0.41 ms, found 0 plugins.
Preloading 0 native plugins for Editor in 0.00 ms.
Mono: successfully reloaded assembly
- Completed reload, in  1.498 seconds
Platform modules already initialized, skipping
Refreshing native plugins compatible for Editor in 0.39 ms, found 0 plugins.
Preloading 0 native plugins for Editor in 0.00 ms.
Unloading 1739 Unused Serialized files (Serialized files now loaded: 0)
System memory in use before: 74.6 MB.
System memory in use after: 74.7 MB.

Unloading 22 unused Assets to reduce memory usage. Loaded Objects now: 2241.
Total: 21.427200 ms (FindLiveObjects: 0.319900 ms CreateObjectMapping: 0.106400 ms MarkObjects: 20.913600 ms  DeleteObjects: 0.083200 ms)

========================================================================
Received Prepare
Registering precompiled user dll's ...
Registered in 0.007191 seconds.
Begin MonoManager ReloadAssembly
Native extension for WindowsStandalone target not found
Refreshing native plugins compatible for Editor in 0.39 ms, found 0 plugins.
Preloading 0 native plugins for Editor in 0.00 ms.
Mono: successfully reloaded assembly
- Completed reload, in  1.449 seconds
Platform modules already initialized, skipping
Refreshing native plugins compatible for Editor in 0.39 ms, found 0 plugins.
Preloading 0 native plugins for Editor in 0.00 ms.
Unloading 1739 Unused Serialized files (Serialized files now loaded: 0)
System memory in use before: 74.7 MB.
System memory in use after: 74.8 MB.

Unloading 22 unused Assets to reduce memory usage. Loaded Objects now: 2244.
Total: 24.183100 ms (FindLiveObjects: 0.251300 ms CreateObjectMapping: 0.060700 ms MarkObjects: 23.800400 ms  DeleteObjects: 0.068500 ms)

========================================================================
Received Import Request.
  Time since last request: 531.813113 seconds.
  path: Assets/Scripts/Weapon/BaseWeapon.cs
  artifactKey: Guid(aff37f2aeeeb163409396fb4e40f9ba8) Importer(815301076,1909f56bfc062723c751e8b465ee728b)
Start importing Assets/Scripts/Weapon/BaseWeapon.cs using Guid(aff37f2aeeeb163409396fb4e40f9ba8) Importer(815301076,1909f56bfc062723c751e8b465ee728b)  -> (artifact id: 'fbd4e80efe39cdafc032dd5cf3fbe020') in 0.004767 seconds
  Import took 0.007646 seconds .

========================================================================
Received Prepare
Registering precompiled user dll's ...
Registered in 0.004833 seconds.
Begin MonoManager ReloadAssembly
Native extension for WindowsStandalone target not found
Refreshing native plugins compatible for Editor in 0.40 ms, found 0 plugins.
Preloading 0 native plugins for Editor in 0.00 ms.
Mono: successfully reloaded assembly
- Completed reload, in  1.529 seconds
Platform modules already initialized, skipping
Refreshing native plugins compatible for Editor in 0.39 ms, found 0 plugins.
Preloading 0 native plugins for Editor in 0.00 ms.
Unloading 1739 Unused Serialized files (Serialized files now loaded: 0)
System memory in use before: 74.7 MB.
System memory in use after: 74.8 MB.

Unloading 22 unused Assets to reduce memory usage. Loaded Objects now: 2247.
Total: 21.726100 ms (FindLiveObjects: 0.174500 ms CreateObjectMapping: 0.038900 ms MarkObjects: 21.316100 ms  DeleteObjects: 0.193000 ms)

========================================================================
Received Prepare
Registering precompiled user dll's ...
Registered in 0.005098 seconds.
Begin MonoManager ReloadAssembly
Native extension for WindowsStandalone target not found
Refreshing native plugins compatible for Editor in 0.42 ms, found 0 plugins.
Preloading 0 native plugins for Editor in 0.00 ms.
Mono: successfully reloaded assembly
- Completed reload, in  1.625 seconds
Platform modules already initialized, skipping
Refreshing native plugins compatible for Editor in 0.53 ms, found 0 plugins.
Preloading 0 native plugins for Editor in 0.00 ms.
Unloading 1739 Unused Serialized files (Serialized files now loaded: 0)
System memory in use before: 74.7 MB.
System memory in use after: 74.8 MB.

Unloading 22 unused Assets to reduce memory usage. Loaded Objects now: 2250.
Total: 24.842200 ms (FindLiveObjects: 0.224900 ms CreateObjectMapping: 0.050500 ms MarkObjects: 24.460800 ms  DeleteObjects: 0.103900 ms)

========================================================================
Received Prepare
Registering precompiled user dll's ...
Registered in 0.005984 seconds.
Begin MonoManager ReloadAssembly
Native extension for WindowsStandalone target not found
Refreshing native plugins compatible for Editor in 0.97 ms, found 0 plugins.
Preloading 0 native plugins for Editor in 0.00 ms.
Mono: successfully reloaded assembly
- Completed reload, in  1.824 seconds
Platform modules already initialized, skipping
Refreshing native plugins compatible for Editor in 0.43 ms, found 0 plugins.
Preloading 0 native plugins for Editor in 0.00 ms.
Unloading 1739 Unused Serialized files (Serialized files now loaded: 0)
System memory in use before: 74.7 MB.
System memory in use after: 74.8 MB.

Unloading 22 unused Assets to reduce memory usage. Loaded Objects now: 2253.
Total: 21.986900 ms (FindLiveObjects: 0.204800 ms CreateObjectMapping: 0.058100 ms MarkObjects: 21.643700 ms  DeleteObjects: 0.077400 ms)

========================================================================
Received Prepare
Registering precompiled user dll's ...
Registered in 0.004729 seconds.
Begin MonoManager ReloadAssembly
Native extension for WindowsStandalone target not found
Refreshing native plugins compatible for Editor in 0.43 ms, found 0 plugins.
Preloading 0 native plugins for Editor in 0.00 ms.
Mono: successfully reloaded assembly
- Completed reload, in  1.609 seconds
Platform modules already initialized, skipping
Refreshing native plugins compatible for Editor in 0.39 ms, found 0 plugins.
Preloading 0 native plugins for Editor in 0.00 ms.
Unloading 1739 Unused Serialized files (Serialized files now loaded: 0)
System memory in use before: 74.7 MB.
System memory in use after: 74.8 MB.

Unloading 22 unused Assets to reduce memory usage. Loaded Objects now: 2256.
Total: 26.415800 ms (FindLiveObjects: 0.199200 ms CreateObjectMapping: 0.054500 ms MarkObjects: 26.044700 ms  DeleteObjects: 0.114700 ms)

========================================================================
Received Prepare
Registering precompiled user dll's ...
Registered in 0.006934 seconds.
Begin MonoManager ReloadAssembly
Native extension for WindowsStandalone target not found
Refreshing native plugins compatible for Editor in 0.40 ms, found 0 plugins.
Preloading 0 native plugins for Editor in 0.00 ms.
Mono: successfully reloaded assembly
- Completed reload, in  1.577 seconds
Platform modules already initialized, skipping
Refreshing native plugins compatible for Editor in 0.39 ms, found 0 plugins.
Preloading 0 native plugins for Editor in 0.00 ms.
Unloading 1739 Unused Serialized files (Serialized files now loaded: 0)
System memory in use before: 74.7 MB.
System memory in use after: 74.8 MB.

Unloading 22 unused Assets to reduce memory usage. Loaded Objects now: 2259.
Total: 21.675500 ms (FindLiveObjects: 0.254800 ms CreateObjectMapping: 0.071600 ms MarkObjects: 21.267300 ms  DeleteObjects: 0.080000 ms)

========================================================================
Received Prepare
Registering precompiled user dll's ...
Registered in 0.006402 seconds.
Begin MonoManager ReloadAssembly
Native extension for WindowsStandalone target not found
Refreshing native plugins compatible for Editor in 0.69 ms, found 0 plugins.
Preloading 0 native plugins for Editor in 0.00 ms.
Mono: successfully reloaded assembly
- Completed reload, in  1.600 seconds
Platform modules already initialized, skipping
Refreshing native plugins compatible for Editor in 0.40 ms, found 0 plugins.
Preloading 0 native plugins for Editor in 0.00 ms.
Unloading 1739 Unused Serialized files (Serialized files now loaded: 0)
System memory in use before: 74.7 MB.
System memory in use after: 74.8 MB.

Unloading 22 unused Assets to reduce memory usage. Loaded Objects now: 2262.
Total: 20.272200 ms (FindLiveObjects: 0.176500 ms CreateObjectMapping: 0.038700 ms MarkObjects: 19.982000 ms  DeleteObjects: 0.072900 ms)

========================================================================
Received Prepare
Registering precompiled user dll's ...
Registered in 0.005972 seconds.
Begin MonoManager ReloadAssembly
Native extension for WindowsStandalone target not found
Refreshing native plugins compatible for Editor in 0.39 ms, found 0 plugins.
Preloading 0 native plugins for Editor in 0.00 ms.
Mono: successfully reloaded assembly
- Completed reload, in  1.426 seconds
Platform modules already initialized, skipping
Refreshing native plugins compatible for Editor in 0.39 ms, found 0 plugins.
Preloading 0 native plugins for Editor in 0.00 ms.
Unloading 1739 Unused Serialized files (Serialized files now loaded: 0)
System memory in use before: 74.7 MB.
System memory in use after: 74.8 MB.

Unloading 22 unused Assets to reduce memory usage. Loaded Objects now: 2265.
Total: 20.956100 ms (FindLiveObjects: 0.257800 ms CreateObjectMapping: 0.061500 ms MarkObjects: 20.556500 ms  DeleteObjects: 0.078700 ms)

========================================================================
Received Prepare
Registering precompiled user dll's ...
Registered in 0.004939 seconds.
Begin MonoManager ReloadAssembly
Native extension for WindowsStandalone target not found
Refreshing native plugins compatible for Editor in 0.64 ms, found 0 plugins.
Preloading 0 native plugins for Editor in 0.00 ms.
Mono: successfully reloaded assembly
- Completed reload, in  1.581 seconds
Platform modules already initialized, skipping
Refreshing native plugins compatible for Editor in 0.39 ms, found 0 plugins.
Preloading 0 native plugins for Editor in 0.00 ms.
Unloading 1739 Unused Serialized files (Serialized files now loaded: 0)
System memory in use before: 74.7 MB.
System memory in use after: 74.8 MB.

Unloading 22 unused Assets to reduce memory usage. Loaded Objects now: 2268.
Total: 20.857700 ms (FindLiveObjects: 0.253500 ms CreateObjectMapping: 0.045500 ms MarkObjects: 20.413400 ms  DeleteObjects: 0.142600 ms)

========================================================================
Received Prepare
Registering precompiled user dll's ...
Registered in 0.004888 seconds.
Begin MonoManager ReloadAssembly
Native extension for WindowsStandalone target not found
Refreshing native plugins compatible for Editor in 0.54 ms, found 0 plugins.
Preloading 0 native plugins for Editor in 0.00 ms.
Mono: successfully reloaded assembly
- Completed reload, in  1.581 seconds
Platform modules already initialized, skipping
Refreshing native plugins compatible for Editor in 0.39 ms, found 0 plugins.
Preloading 0 native plugins for Editor in 0.00 ms.
Unloading 1739 Unused Serialized files (Serialized files now loaded: 0)
System memory in use before: 74.7 MB.
System memory in use after: 74.8 MB.

Unloading 22 unused Assets to reduce memory usage. Loaded Objects now: 2271.
Total: 23.415500 ms (FindLiveObjects: 0.194800 ms CreateObjectMapping: 0.050400 ms MarkObjects: 23.075800 ms  DeleteObjects: 0.092500 ms)

========================================================================
Received Prepare
Registering precompiled user dll's ...
Registered in 0.004949 seconds.
Begin MonoManager ReloadAssembly
Native extension for WindowsStandalone target not found
Refreshing native plugins compatible for Editor in 0.70 ms, found 0 plugins.
Preloading 0 native plugins for Editor in 0.00 ms.
Mono: successfully reloaded assembly
- Completed reload, in  1.607 seconds
Platform modules already initialized, skipping
Refreshing native plugins compatible for Editor in 0.40 ms, found 0 plugins.
Preloading 0 native plugins for Editor in 0.00 ms.
Unloading 1739 Unused Serialized files (Serialized files now loaded: 0)
System memory in use before: 74.8 MB.
System memory in use after: 74.8 MB.

Unloading 22 unused Assets to reduce memory usage. Loaded Objects now: 2274.
Total: 28.809300 ms (FindLiveObjects: 0.206700 ms CreateObjectMapping: 0.042000 ms MarkObjects: 28.473100 ms  DeleteObjects: 0.085500 ms)

========================================================================
Received Prepare
Registering precompiled user dll's ...
Registered in 0.004925 seconds.
Begin MonoManager ReloadAssembly
Native extension for WindowsStandalone target not found
Refreshing native plugins compatible for Editor in 0.40 ms, found 0 plugins.
Preloading 0 native plugins for Editor in 0.00 ms.
Mono: successfully reloaded assembly
- Completed reload, in  1.592 seconds
Platform modules already initialized, skipping
Refreshing native plugins compatible for Editor in 0.41 ms, found 0 plugins.
Preloading 0 native plugins for Editor in 0.00 ms.
Unloading 1739 Unused Serialized files (Serialized files now loaded: 0)
System memory in use before: 74.8 MB.
System memory in use after: 74.8 MB.

Unloading 22 unused Assets to reduce memory usage. Loaded Objects now: 2277.
Total: 21.266100 ms (FindLiveObjects: 0.236400 ms CreateObjectMapping: 0.055100 ms MarkObjects: 20.894000 ms  DeleteObjects: 0.079000 ms)

========================================================================
Received Prepare
Registering precompiled user dll's ...
Registered in 0.006122 seconds.
Begin MonoManager ReloadAssembly
Native extension for WindowsStandalone target not found
Refreshing native plugins compatible for Editor in 0.39 ms, found 0 plugins.
Preloading 0 native plugins for Editor in 0.00 ms.
Mono: successfully reloaded assembly
- Completed reload, in  1.478 seconds
Platform modules already initialized, skipping
Refreshing native plugins compatible for Editor in 0.64 ms, found 0 plugins.
Preloading 0 native plugins for Editor in 0.00 ms.
Unloading 1739 Unused Serialized files (Serialized files now loaded: 0)
System memory in use before: 74.8 MB.
System memory in use after: 74.8 MB.

Unloading 22 unused Assets to reduce memory usage. Loaded Objects now: 2280.
Total: 21.725600 ms (FindLiveObjects: 0.176600 ms CreateObjectMapping: 0.039100 ms MarkObjects: 21.430700 ms  DeleteObjects: 0.077500 ms)

